{
  "RSpec": {
    "coverage": {
      "/Users/yosef/work/kgs/ruby/ruby_routes/lib/ruby_routes.rb": {
        "lines": [
          1,
          1,
          1,
          1,
          1,
          1,
          1,
          1,
          null,
          1,
          1,
          1,
          1,
          1,
          null,
          null,
          1,
          2,
          null,
          null,
          null,
          1,
          25,
          null,
          null
        ]
      },
      "/Users/yosef/work/kgs/ruby/ruby_routes/lib/ruby_routes/version.rb": {
        "lines": [
          1,
          1,
          null
        ]
      },
      "/Users/yosef/work/kgs/ruby/ruby_routes/lib/ruby_routes/string_extensions.rb": {
        "lines": [
          1,
          1,
          133,
          null,
          4,
          null,
          123,
          null,
          6,
          null,
          null,
          null,
          1,
          134,
          null,
          2,
          null,
          3,
          null,
          1,
          null,
          null,
          123,
          null,
          5,
          null,
          null,
          null
        ]
      },
      "/Users/yosef/work/kgs/ruby/ruby_routes/lib/ruby_routes/route.rb": {
        "lines": [
          1,
          1,
          1,
          1,
          1,
          null,
          1,
          1,
          1,
          null,
          1,
          1406,
          null,
          1406,
          2836,
          1406,
          1406,
          1406,
          1406,
          1406,
          null,
          1406,
          null,
          null,
          1406,
          1406,
          null,
          null,
          1,
          null,
          11,
          8,
          null,
          null,
          1,
          41,
          null,
          41,
          null,
          null,
          39,
          null,
          null,
          1,
          1296,
          null,
          null,
          1,
          2,
          null,
          null,
          1,
          2,
          null,
          null,
          1,
          5,
          null,
          null,
          null,
          1,
          58,
          null,
          null,
          56,
          11,
          null,
          null,
          null,
          45,
          null,
          null,
          45,
          45,
          2,
          null,
          null,
          null,
          91,
          43,
          4,
          null,
          null,
          null,
          39,
          39,
          7,
          null,
          null,
          null,
          32,
          32,
          32,
          null,
          null,
          null,
          1,
          2,
          null,
          null,
          1,
          null,
          null,
          1,
          1,
          1,
          1,
          null,
          null,
          1,
          1,
          1,
          1,
          1,
          1,
          1,
          null,
          null,
          1,
          1432,
          896,
          146,
          126,
          125,
          126,
          8,
          1,
          4,
          null,
          null,
          null,
          null,
          1,
          1406,
          1406,
          1406,
          null,
          1406,
          1406,
          1406,
          null,
          null,
          1,
          1406,
          20,
          null,
          1386,
          3757,
          null,
          null,
          null,
          null,
          1,
          5163,
          1406,
          2651,
          1406,
          null,
          null,
          1,
          null,
          1406,
          500,
          null,
          null,
          null,
          1,
          500,
          null,
          1217,
          480,
          null,
          null,
          null,
          1,
          null,
          40,
          null,
          null,
          40,
          null,
          null,
          40,
          1,
          39,
          1,
          1,
          null,
          null,
          null,
          40,
          null,
          null,
          40,
          null,
          27,
          null,
          null,
          1,
          null,
          43,
          43,
          41,
          null,
          2,
          2,
          2,
          null,
          null,
          null,
          1,
          1,
          1,
          null,
          null,
          1,
          6,
          null,
          null,
          null,
          1,
          49,
          49,
          null,
          49,
          null,
          null,
          163,
          null,
          49,
          5,
          null,
          44,
          null,
          null,
          44,
          null,
          null,
          1,
          null,
          49,
          49,
          49,
          49,
          null,
          null,
          1,
          44,
          null,
          44,
          100,
          null,
          52,
          null,
          44,
          null,
          4,
          4,
          null,
          null,
          null,
          43,
          null,
          null,
          null,
          1,
          45,
          null,
          43,
          null,
          null,
          43,
          null,
          null,
          43,
          42,
          null,
          null,
          2,
          null,
          null,
          43,
          null,
          null,
          1,
          43,
          43,
          43,
          null,
          null,
          null,
          1,
          39,
          null,
          null,
          39,
          43,
          43,
          null,
          39,
          null,
          null,
          null,
          1,
          32,
          null,
          null,
          32,
          null,
          32,
          71,
          null,
          36,
          null,
          33,
          33,
          null,
          2,
          2,
          null,
          null,
          null,
          null,
          32,
          32,
          null,
          null,
          1,
          5,
          null,
          3,
          null,
          6,
          null,
          2,
          null,
          null,
          null,
          null,
          1,
          44,
          null,
          null,
          6,
          6,
          null,
          5,
          null,
          null,
          null,
          null,
          1,
          14,
          14,
          null,
          11,
          11,
          null,
          null,
          8,
          2,
          null,
          null,
          6,
          6,
          6,
          null,
          null,
          1,
          1406,
          1406,
          1406,
          1406,
          null,
          null,
          1,
          1406,
          1406,
          1400,
          null,
          null,
          1,
          1403,
          1400,
          null,
          null,
          null,
          1,
          34,
          34,
          null,
          null,
          34,
          null,
          34,
          null,
          null,
          null,
          1,
          1,
          null,
          null,
          0,
          null,
          null,
          null,
          4,
          null,
          null,
          null,
          4,
          4,
          null,
          null,
          1,
          null,
          0,
          null,
          null,
          10,
          10,
          null,
          2,
          2,
          null,
          null,
          2,
          2,
          null,
          2,
          2,
          null,
          2,
          2,
          null,
          2,
          2,
          null,
          null,
          9,
          null,
          null,
          null,
          null,
          1,
          4,
          null,
          3,
          3,
          null,
          3,
          null,
          null,
          null,
          null,
          null,
          null,
          null,
          null,
          null,
          null,
          null,
          null,
          null,
          null,
          null,
          null,
          1,
          null,
          9,
          1,
          null,
          null,
          8,
          1,
          null,
          null,
          7,
          0,
          null,
          null,
          7,
          1,
          null,
          null,
          6,
          1,
          null,
          null,
          5,
          1,
          null,
          null,
          null,
          1,
          1406,
          1403,
          1402,
          null,
          null,
          null,
          1,
          1,
          null,
          null
        ]
      },
      "/Users/yosef/work/kgs/ruby/ruby_routes/lib/ruby_routes/route/small_lru.rb": {
        "lines": [
          1,
          1,
          null,
          1,
          1,
          null,
          null,
          1,
          2839,
          2839,
          2839,
          2839,
          2839,
          null,
          2839,
          2839,
          null,
          null,
          1,
          57,
          57,
          null,
          null,
          1,
          222,
          222,
          222,
          55,
          55,
          null,
          222,
          null,
          null,
          1,
          23,
          null,
          null,
          1,
          50,
          null,
          null,
          null,
          null
        ]
      },
      "/Users/yosef/work/kgs/ruby/ruby_routes/lib/ruby_routes/route_set.rb": {
        "lines": [
          1,
          1,
          1,
          null,
          1,
          129,
          129,
          129,
          null,
          129,
          129,
          129,
          129,
          null,
          null,
          1,
          1294,
          1294,
          1294,
          null,
          1294,
          1294,
          null,
          null,
          1,
          null,
          3,
          3,
          3,
          null,
          null,
          1,
          29,
          29,
          3,
          null,
          null,
          1,
          null,
          30108,
          null,
          null,
          30108,
          null,
          null,
          30108,
          17931,
          17931,
          null,
          null,
          12177,
          null,
          null,
          12177,
          12177,
          12177,
          null,
          12167,
          null,
          null,
          12167,
          null,
          null,
          12167,
          2,
          null,
          null,
          null,
          12167,
          null,
          12167,
          null,
          null,
          null,
          null,
          null,
          12167,
          12167,
          null,
          null,
          1,
          2,
          null,
          null,
          1,
          6,
          6,
          4,
          null,
          2,
          null,
          null,
          null,
          1,
          30,
          null,
          null,
          1,
          3,
          3,
          3,
          3,
          3,
          null,
          null,
          1,
          8,
          null,
          1,
          null,
          1,
          6,
          null,
          null,
          1,
          2,
          2,
          null,
          null,
          1,
          1,
          null,
          null,
          null,
          1,
          9,
          9,
          null,
          9,
          null,
          null,
          null,
          null,
          null,
          null,
          1,
          null,
          null,
          1,
          30152,
          30108,
          null,
          null,
          null,
          1,
          null,
          32108,
          null,
          null,
          null,
          1,
          null,
          13177,
          13177,
          13177,
          null,
          null,
          1,
          null,
          null,
          null,
          null,
          1,
          2,
          2,
          null,
          null,
          null,
          null,
          1,
          4,
          2,
          2,
          2,
          1,
          1,
          null,
          null,
          null,
          null,
          1,
          12182,
          null,
          null,
          12182,
          null,
          6,
          4112,
          null,
          null,
          null,
          null
        ]
      },
      "/Users/yosef/work/kgs/ruby/ruby_routes/lib/ruby_routes/url_helpers.rb": {
        "lines": [
          1,
          null,
          1,
          1,
          1,
          32,
          32,
          null,
          null,
          1,
          1,
          40,
          null,
          null,
          1,
          2,
          1,
          1,
          null,
          null,
          null,
          null,
          1,
          1,
          null,
          null,
          1,
          25,
          24,
          null,
          null,
          1,
          3,
          3,
          null,
          null,
          1,
          6,
          6,
          6,
          6,
          null,
          null,
          1,
          12,
          12,
          12,
          12,
          null,
          null,
          null,
          12,
          null,
          12,
          12,
          12,
          null,
          null,
          12,
          7,
          7,
          null,
          null,
          12,
          12,
          12,
          12,
          null,
          null,
          1,
          2,
          2,
          null,
          null,
          null
        ]
      },
      "/Users/yosef/work/kgs/ruby/ruby_routes/lib/ruby_routes/router.rb": {
        "lines": [
          1,
          1,
          1,
          null,
          1,
          56,
          56,
          56,
          56,
          null,
          null,
          null,
          1,
          664,
          null,
          null,
          1,
          128,
          null,
          null,
          1,
          125,
          null,
          null,
          1,
          125,
          null,
          null,
          1,
          126,
          null,
          null,
          1,
          14,
          null,
          null,
          null,
          1,
          122,
          122,
          122,
          null,
          null,
          122,
          122,
          122,
          null,
          null,
          122,
          122,
          122,
          122,
          122,
          null,
          null,
          122,
          1,
          1,
          1,
          null,
          1,
          1,
          1,
          1,
          1,
          1,
          1,
          1,
          null,
          null,
          null,
          122,
          null,
          43,
          null,
          43,
          43,
          null,
          null,
          null,
          1,
          1,
          null,
          1,
          1,
          1,
          1,
          1,
          1,
          1,
          null,
          null,
          null,
          1,
          42,
          null,
          42,
          42,
          null,
          null,
          42,
          null,
          null,
          null,
          1,
          17,
          null,
          17,
          17,
          null,
          null,
          17,
          null,
          null,
          null,
          1,
          18,
          null,
          null,
          null,
          1,
          17,
          18,
          18,
          null,
          16,
          null,
          null,
          15,
          0,
          null,
          null,
          null,
          1,
          16,
          null,
          null,
          null,
          1,
          1,
          null,
          1,
          1,
          null,
          null,
          1,
          null,
          null,
          null,
          1,
          1,
          null,
          1,
          1,
          null,
          null,
          1,
          null,
          null,
          null,
          1,
          2,
          2,
          null,
          null,
          1,
          null,
          1,
          null,
          1202,
          null,
          null,
          1202,
          1202,
          1202,
          null,
          null,
          1,
          1202,
          1202,
          null,
          1202,
          867,
          850,
          null,
          null,
          867,
          399,
          399,
          null,
          null,
          867,
          15,
          null,
          null,
          867,
          1,
          null,
          null,
          null,
          1202,
          1202,
          null,
          null,
          null
        ]
      },
      "/Users/yosef/work/kgs/ruby/ruby_routes/lib/ruby_routes/radix_tree.rb": {
        "lines": [
          1,
          null,
          1,
          1,
          1,
          null,
          1,
          336,
          173,
          null,
          163,
          null,
          null,
          null,
          null,
          1,
          163,
          163,
          163,
          163,
          163,
          null,
          null,
          1,
          1325,
          1325,
          null,
          1325,
          3604,
          3604,
          3604,
          null,
          null,
          null,
          2665,
          null,
          null,
          1,
          null,
          15224,
          15224,
          null,
          15224,
          null,
          15224,
          9,
          9,
          7,
          null,
          2,
          null,
          null,
          null,
          15215,
          15215,
          15215,
          15215,
          null,
          null,
          15215,
          null,
          42,
          42,
          null,
          15145,
          15145,
          15145,
          15145,
          15145,
          15145,
          null,
          null,
          18,
          18,
          18,
          18,
          18,
          18,
          18,
          18,
          14,
          14,
          null,
          null,
          null,
          null,
          10,
          44,
          44,
          44,
          44,
          null,
          null,
          null,
          15215,
          15211,
          15211,
          null,
          null,
          15202,
          1020,
          null,
          null,
          15197,
          null,
          null,
          1,
          null,
          null,
          1,
          15215,
          null,
          15215,
          16,
          null,
          null,
          15199,
          null,
          null,
          15199,
          15199,
          15199,
          8904,
          8904,
          null,
          null,
          15199,
          null,
          null,
          null,
          1,
          16524,
          null,
          null,
          16503,
          16503,
          null,
          16503,
          1,
          null,
          16502,
          null,
          null,
          null,
          null,
          1,
          1020,
          null,
          1021,
          1021,
          1021,
          null,
          1021,
          null,
          10,
          null,
          1,
          null,
          null,
          3,
          null,
          null,
          2,
          null,
          null,
          null,
          1003,
          null,
          null,
          1015,
          null,
          null,
          null
        ]
      },
      "/Users/yosef/work/kgs/ruby/ruby_routes/lib/ruby_routes/segment.rb": {
        "lines": [
          1,
          1,
          1,
          1,
          1,
          null,
          1,
          1,
          1,
          3607,
          3607,
          3607,
          3607,
          null,
          null,
          1,
          1,
          null,
          null,
          null
        ]
      },
      "/Users/yosef/work/kgs/ruby/ruby_routes/lib/ruby_routes/node.rb": {
        "lines": [
          1,
          null,
          1,
          1,
          1,
          null,
          null,
          1,
          1220,
          1220,
          1220,
          1220,
          1220,
          1220,
          null,
          null,
          null,
          null,
          1,
          null,
          30434,
          30434,
          null,
          null,
          15181,
          15168,
          15168,
          null,
          null,
          null,
          13,
          7,
          null,
          7,
          7,
          null,
          7,
          null,
          null,
          null,
          6,
          null,
          null,
          null,
          1,
          15183,
          null,
          null,
          1,
          1199,
          1199,
          null,
          null,
          null,
          1,
          1357,
          1357,
          1357,
          null,
          null,
          1,
          15243,
          null,
          null,
          null
        ]
      }
    },
    "timestamp": 1755796272
  }
}
