{
  "RSpec": {
    "coverage": {
      "/workspaces/ruby_routes/lib/ruby_routes.rb": {
        "lines": [
          1,
          1,
          1,
          1,
          1,
          1,
          1,
          1,
          null,
          1,
          1,
          1,
          1,
          1,
          null,
          null,
          1,
          2,
          null,
          null,
          null,
          1,
          18,
          null,
          null
        ]
      },
      "/workspaces/ruby_routes/lib/ruby_routes/version.rb": {
        "lines": [
          1,
          1,
          null
        ]
      },
      "/workspaces/ruby_routes/lib/ruby_routes/string_extensions.rb": {
        "lines": [
          1,
          1,
          107,
          null,
          4,
          null,
          97,
          null,
          6,
          null,
          null,
          null,
          1,
          105,
          null,
          2,
          null,
          0,
          null,
          null,
          98,
          null,
          5,
          null,
          null,
          null
        ]
      },
      "/workspaces/ruby_routes/lib/ruby_routes/route.rb": {
        "lines": [
          1,
          1,
          1,
          1,
          null,
          1,
          1,
          1,
          null,
          1,
          1147,
          null,
          1147,
          2311,
          1147,
          1147,
          1147,
          1147,
          1147,
          null,
          1147,
          null,
          null,
          1147,
          1147,
          null,
          null,
          1,
          null,
          8,
          6,
          null,
          null,
          1,
          39,
          39,
          null,
          null,
          37,
          null,
          null,
          1,
          1071,
          null,
          null,
          1,
          2,
          null,
          null,
          1,
          2,
          null,
          null,
          1,
          1,
          null,
          null,
          null,
          1,
          50,
          null,
          null,
          48,
          11,
          null,
          null,
          null,
          37,
          null,
          null,
          37,
          37,
          1,
          null,
          null,
          null,
          77,
          36,
          3,
          null,
          null,
          null,
          33,
          33,
          6,
          null,
          null,
          null,
          27,
          27,
          27,
          null,
          null,
          null,
          1,
          0,
          null,
          null,
          1,
          null,
          null,
          1,
          1,
          1,
          1,
          null,
          null,
          1,
          1164,
          741,
          120,
          100,
          99,
          100,
          0,
          1,
          3,
          null,
          null,
          null,
          null,
          1,
          1147,
          1147,
          1147,
          null,
          1147,
          1147,
          1147,
          null,
          null,
          1,
          1147,
          20,
          null,
          1127,
          3190,
          null,
          null,
          null,
          null,
          1,
          4337,
          1147,
          2221,
          1147,
          null,
          null,
          1,
          null,
          1147,
          410,
          null,
          null,
          null,
          1,
          410,
          null,
          976,
          390,
          null,
          null,
          null,
          1,
          null,
          37,
          null,
          null,
          37,
          null,
          null,
          37,
          0,
          37,
          0,
          0,
          null,
          null,
          null,
          37,
          null,
          null,
          37,
          null,
          24,
          null,
          null,
          1,
          37,
          37,
          37,
          null,
          null,
          1,
          4,
          null,
          null,
          null,
          1,
          45,
          45,
          null,
          null,
          45,
          null,
          null,
          149,
          null,
          45,
          null,
          5,
          null,
          null,
          40,
          null,
          null,
          40,
          null,
          null,
          1,
          null,
          45,
          45,
          45,
          45,
          null,
          null,
          1,
          40,
          null,
          40,
          91,
          null,
          47,
          null,
          40,
          null,
          4,
          4,
          null,
          null,
          null,
          40,
          null,
          null,
          null,
          1,
          37,
          null,
          36,
          36,
          null,
          null,
          80,
          36,
          null,
          null,
          1,
          36,
          36,
          36,
          null,
          null,
          null,
          1,
          null,
          33,
          33,
          null,
          33,
          null,
          33,
          37,
          37,
          37,
          null,
          33,
          null,
          null,
          null,
          1,
          27,
          null,
          27,
          27,
          null,
          27,
          61,
          null,
          61,
          null,
          31,
          null,
          30,
          30,
          null,
          0,
          0,
          null,
          null,
          null,
          27,
          null,
          null,
          1,
          0,
          null,
          0,
          0,
          0,
          null,
          null,
          0,
          0,
          0,
          0,
          null,
          null,
          0,
          null,
          null,
          null,
          null,
          1,
          30,
          0,
          null,
          null,
          null,
          1,
          1,
          1,
          null,
          0,
          0,
          null,
          null,
          0,
          0,
          null,
          null,
          0,
          0,
          0,
          null,
          null,
          1,
          1147,
          1147,
          1147,
          1147,
          null,
          null,
          1,
          1147,
          1147,
          1141,
          null,
          null,
          1,
          1144,
          1141,
          null,
          null,
          null,
          1,
          28,
          28,
          null,
          null,
          28,
          null,
          28,
          null,
          null,
          null,
          1,
          1,
          null,
          null,
          0,
          null,
          null,
          null,
          4,
          null,
          null,
          null,
          4,
          4,
          null,
          null,
          1,
          null,
          0,
          null,
          null,
          4,
          4,
          null,
          2,
          2,
          null,
          null,
          2,
          2,
          null,
          2,
          2,
          null,
          2,
          2,
          null,
          2,
          2,
          null,
          null,
          9,
          null,
          null,
          null,
          null,
          1,
          4,
          null,
          3,
          3,
          null,
          3,
          null,
          null,
          null,
          null,
          null,
          null,
          null,
          null,
          null,
          null,
          null,
          null,
          null,
          null,
          null,
          null,
          1,
          null,
          9,
          1,
          null,
          null,
          8,
          1,
          null,
          null,
          7,
          0,
          null,
          null,
          7,
          1,
          null,
          null,
          6,
          1,
          null,
          null,
          5,
          1,
          null,
          null,
          null,
          1,
          1147,
          1144,
          1143,
          null,
          null,
          null,
          1,
          1,
          null,
          null
        ]
      },
      "/workspaces/ruby_routes/lib/ruby_routes/route/small_lru.rb": {
        "lines": [
          1,
          1,
          null,
          1,
          1,
          null,
          null,
          1,
          2321,
          2321,
          2321,
          2321,
          2321,
          null,
          2321,
          2321,
          null,
          null,
          1,
          43,
          43,
          null,
          null,
          1,
          211,
          211,
          211,
          55,
          55,
          null,
          211,
          null,
          null,
          1,
          20,
          null,
          null,
          1,
          39,
          null,
          null,
          null,
          null
        ]
      },
      "/workspaces/ruby_routes/lib/ruby_routes/route_set.rb": {
        "lines": [
          1,
          1,
          1,
          null,
          1,
          114,
          114,
          114,
          null,
          114,
          114,
          114,
          114,
          null,
          null,
          1,
          1069,
          1069,
          1069,
          null,
          1069,
          1069,
          null,
          null,
          1,
          null,
          3,
          3,
          3,
          null,
          null,
          1,
          29,
          29,
          3,
          null,
          null,
          1,
          null,
          22069,
          null,
          null,
          22069,
          null,
          null,
          22069,
          10903,
          10903,
          null,
          10903,
          null,
          null,
          null,
          null,
          null,
          null,
          11166,
          null,
          null,
          11166,
          11166,
          11166,
          null,
          11155,
          null,
          null,
          11155,
          null,
          null,
          11155,
          0,
          null,
          null,
          null,
          11155,
          11155,
          11155,
          null,
          null,
          11155,
          null,
          null,
          null,
          null,
          null,
          null,
          1,
          2,
          null,
          null,
          1,
          6,
          6,
          4,
          null,
          2,
          null,
          null,
          null,
          1,
          30,
          null,
          null,
          1,
          3,
          3,
          3,
          3,
          3,
          null,
          null,
          1,
          8,
          null,
          1,
          null,
          1,
          6,
          null,
          null,
          1,
          2,
          2,
          null,
          null,
          1,
          1,
          null,
          null,
          null,
          1,
          8,
          8,
          null,
          8,
          null,
          null,
          null,
          null,
          null,
          null,
          1,
          null,
          null,
          1,
          22106,
          22069,
          null,
          null,
          null,
          1,
          null,
          23069,
          23069,
          23069,
          23069,
          null,
          null,
          null,
          1,
          null,
          12166,
          12166,
          11176,
          null,
          990,
          990,
          990,
          null,
          null,
          null,
          1,
          1000,
          1000,
          null,
          null,
          null,
          1,
          2,
          2,
          null,
          null,
          null,
          null,
          1,
          0,
          0,
          0,
          0,
          0,
          0,
          null,
          null,
          null,
          null,
          1,
          11155,
          null,
          null,
          11155,
          null,
          1,
          4097,
          null,
          null,
          null,
          null
        ]
      },
      "/workspaces/ruby_routes/lib/ruby_routes/url_helpers.rb": {
        "lines": [
          1,
          null,
          1,
          1,
          1,
          31,
          null,
          null,
          1,
          1,
          7,
          null,
          null,
          1,
          1,
          0,
          0,
          null,
          null,
          null,
          null,
          1,
          1,
          null,
          null,
          1,
          25,
          24,
          null,
          null,
          1,
          3,
          3,
          null,
          null,
          1,
          6,
          6,
          6,
          6,
          null,
          null,
          1,
          12,
          12,
          12,
          12,
          null,
          null,
          null,
          12,
          null,
          12,
          12,
          12,
          null,
          null,
          12,
          7,
          7,
          null,
          null,
          12,
          12,
          12,
          12,
          null,
          null,
          1,
          2,
          2,
          null,
          null,
          null
        ]
      },
      "/workspaces/ruby_routes/lib/ruby_routes/router.rb": {
        "lines": [
          1,
          1,
          1,
          null,
          1,
          47,
          47,
          47,
          47,
          null,
          null,
          null,
          1,
          548,
          null,
          null,
          1,
          102,
          null,
          null,
          1,
          99,
          null,
          null,
          1,
          99,
          null,
          null,
          1,
          100,
          null,
          null,
          1,
          14,
          null,
          null,
          null,
          1,
          96,
          96,
          null,
          null,
          96,
          96,
          96,
          null,
          null,
          96,
          96,
          96,
          96,
          96,
          null,
          null,
          96,
          1,
          1,
          1,
          null,
          1,
          1,
          1,
          1,
          1,
          1,
          1,
          1,
          null,
          null,
          null,
          96,
          null,
          43,
          null,
          43,
          43,
          null,
          null,
          null,
          1,
          1,
          null,
          1,
          1,
          1,
          1,
          1,
          1,
          1,
          null,
          null,
          null,
          1,
          33,
          null,
          33,
          33,
          null,
          null,
          33,
          null,
          null,
          null,
          1,
          17,
          null,
          17,
          17,
          null,
          null,
          17,
          null,
          null,
          null,
          1,
          18,
          null,
          null,
          null,
          1,
          17,
          18,
          18,
          null,
          16,
          null,
          null,
          15,
          0,
          null,
          null,
          null,
          1,
          16,
          null,
          null,
          null,
          1,
          1,
          null,
          1,
          1,
          null,
          null,
          1,
          null,
          null,
          null,
          1,
          1,
          null,
          1,
          1,
          null,
          null,
          1,
          null,
          null,
          null,
          1,
          2,
          2,
          null,
          null,
          1,
          null,
          1,
          null,
          982,
          null,
          null,
          982,
          982,
          982,
          null,
          null,
          1,
          982,
          982,
          null,
          982,
          784,
          767,
          null,
          null,
          784,
          316,
          316,
          null,
          null,
          784,
          15,
          null,
          null,
          784,
          1,
          null,
          null,
          null,
          982,
          982,
          null,
          null,
          null
        ]
      },
      "/workspaces/ruby_routes/lib/ruby_routes/radix_tree.rb": {
        "lines": [
          1,
          null,
          1,
          1,
          1,
          null,
          1,
          312,
          164,
          null,
          148,
          null,
          null,
          null,
          null,
          1,
          148,
          148,
          148,
          148,
          148,
          null,
          null,
          1,
          1100,
          1100,
          null,
          1100,
          3100,
          3100,
          3100,
          null,
          null,
          null,
          2215,
          null,
          null,
          1,
          null,
          14213,
          9,
          9,
          7,
          null,
          2,
          null,
          null,
          null,
          14204,
          14204,
          14204,
          14204,
          null,
          null,
          14204,
          null,
          36,
          36,
          null,
          14140,
          14140,
          14140,
          14140,
          14140,
          14140,
          null,
          null,
          18,
          18,
          18,
          18,
          18,
          18,
          18,
          18,
          14,
          14,
          null,
          null,
          null,
          null,
          10,
          44,
          44,
          44,
          44,
          null,
          null,
          null,
          14204,
          14199,
          14199,
          null,
          null,
          14190,
          17,
          null,
          null,
          14185,
          null,
          null,
          1,
          null,
          null,
          1,
          14204,
          null,
          14204,
          13,
          null,
          null,
          14191,
          null,
          null,
          14191,
          14191,
          14191,
          8904,
          8904,
          null,
          null,
          14191,
          null,
          null,
          null,
          1,
          15291,
          null,
          null,
          15270,
          15270,
          null,
          15270,
          1,
          null,
          15269,
          null,
          null,
          null,
          null,
          1,
          17,
          null,
          18,
          18,
          18,
          null,
          18,
          null,
          10,
          null,
          1,
          null,
          null,
          2,
          null,
          null,
          2,
          null,
          null,
          null,
          1,
          null,
          null,
          12,
          null,
          null,
          null
        ]
      },
      "/workspaces/ruby_routes/lib/ruby_routes/segment.rb": {
        "lines": [
          1,
          1,
          1,
          1,
          1,
          null,
          1,
          1,
          1,
          3103,
          3103,
          3103,
          3103,
          null,
          null,
          1,
          1,
          null,
          null,
          null
        ]
      },
      "/workspaces/ruby_routes/lib/ruby_routes/segments/base_segment.rb": {
        "lines": [
          1,
          1,
          1,
          1,
          3,
          null,
          null,
          1,
          3097,
          null,
          null,
          1,
          1,
          null,
          null,
          1,
          1,
          null,
          null,
          null,
          null
        ]
      },
      "/workspaces/ruby_routes/lib/ruby_routes/segments/dynamic_segment.rb": {
        "lines": [
          1,
          1,
          1,
          1,
          1034,
          null,
          null,
          1,
          1031,
          1031,
          1031,
          1031,
          null,
          null,
          1,
          0,
          0,
          0,
          0,
          null,
          null,
          null,
          null
        ]
      },
      "/workspaces/ruby_routes/lib/ruby_routes/segments/static_segment.rb": {
        "lines": [
          1,
          1,
          1,
          1,
          2067,
          null,
          null,
          1,
          2065,
          2065,
          null,
          null,
          1,
          0,
          null,
          null,
          null,
          null
        ]
      },
      "/workspaces/ruby_routes/lib/ruby_routes/segments/wildcard_segment.rb": {
        "lines": [
          1,
          1,
          1,
          1,
          10,
          null,
          null,
          1,
          7,
          7,
          7,
          7,
          null,
          null,
          1,
          7,
          null,
          null,
          1,
          0,
          0,
          0,
          0,
          null,
          null,
          null,
          null
        ]
      },
      "/workspaces/ruby_routes/lib/ruby_routes/constant.rb": {
        "lines": [
          1,
          1,
          1,
          1,
          1,
          null,
          1,
          1,
          null,
          1,
          null,
          null,
          null,
          null,
          null,
          1,
          0,
          0,
          null,
          null,
          null,
          0,
          0,
          0,
          0,
          null,
          null,
          null,
          0,
          0,
          0,
          0,
          null,
          null,
          null,
          0,
          null,
          null,
          null,
          1,
          1,
          null,
          null,
          null,
          10,
          1065,
          2116,
          null,
          null,
          1,
          3190,
          3190,
          3190,
          3190,
          null,
          null,
          null
        ]
      },
      "/workspaces/ruby_routes/lib/ruby_routes/lru_strategies/hit_strategy.rb": {
        "lines": [
          1,
          1,
          1,
          1,
          19,
          19,
          19,
          19,
          19,
          null,
          null,
          null,
          null
        ]
      },
      "/workspaces/ruby_routes/lib/ruby_routes/lru_strategies/miss_strategy.rb": {
        "lines": [
          1,
          1,
          1,
          1,
          38,
          38,
          null,
          null,
          null,
          null
        ]
      },
      "/workspaces/ruby_routes/lib/ruby_routes/node.rb": {
        "lines": [
          1,
          null,
          1,
          1,
          1,
          null,
          null,
          1,
          1012,
          1012,
          1012,
          1012,
          1012,
          1012,
          null,
          null,
          null,
          null,
          1,
          null,
          28418,
          28418,
          null,
          null,
          14178,
          14164,
          14164,
          null,
          null,
          null,
          14,
          7,
          null,
          7,
          7,
          null,
          7,
          null,
          null,
          null,
          7,
          null,
          null,
          null,
          1,
          14176,
          null,
          null,
          1,
          1046,
          1046,
          null,
          null,
          null,
          1,
          1132,
          1132,
          1132,
          null,
          null,
          1,
          14231,
          null,
          null,
          null
        ]
      }
    },
    "timestamp": 1755533163
  }
}
